0 info it worked if it ends with ok
1 verbose cli [ '/usr/local/Cellar/node/0.10.24/bin/node',
1 verbose cli   '/usr/local/bin/npm',
1 verbose cli   'install',
1 verbose cli   'backbone.modal' ]
2 info using npm@1.3.21
3 info using node@v0.10.24
4 warn package.json etsy-lighting@0.0.0 No description
5 warn package.json etsy-lighting@0.0.0 No repository field.
6 warn package.json etsy-lighting@0.0.0 No README data
7 verbose readDependencies using package.json deps
8 verbose cache add [ 'backbone.modal', null ]
9 verbose cache add name=undefined spec="backbone.modal" args=["backbone.modal",null]
10 verbose parsed url { protocol: null,
10 verbose parsed url   slashes: null,
10 verbose parsed url   auth: null,
10 verbose parsed url   host: null,
10 verbose parsed url   port: null,
10 verbose parsed url   hostname: null,
10 verbose parsed url   hash: null,
10 verbose parsed url   search: null,
10 verbose parsed url   query: null,
10 verbose parsed url   pathname: 'backbone.modal',
10 verbose parsed url   path: 'backbone.modal',
10 verbose parsed url   href: 'backbone.modal' }
11 silly lockFile 76f31a90-backbone-modal backbone.modal
12 verbose lock backbone.modal /Users/ColorTurtle/.npm/76f31a90-backbone-modal.lock
13 silly lockFile 76f31a90-backbone-modal backbone.modal
14 silly lockFile 76f31a90-backbone-modal backbone.modal
15 verbose addNamed [ 'backbone.modal', '' ]
16 verbose addNamed [ null, '*' ]
17 silly lockFile efca58b0-backbone-modal backbone.modal@
18 verbose lock backbone.modal@ /Users/ColorTurtle/.npm/efca58b0-backbone-modal.lock
19 silly addNameRange { name: 'backbone.modal', range: '*', hasData: false }
20 verbose url raw backbone.modal
21 verbose url resolving [ 'https://registry.npmjs.org/', './backbone.modal' ]
22 verbose url resolved https://registry.npmjs.org/backbone.modal
23 info trying registry request attempt 1 at 11:16:09
24 http GET https://registry.npmjs.org/backbone.modal
25 http 404 https://registry.npmjs.org/backbone.modal
26 silly registry.get cb [ 404,
26 silly registry.get   { date: 'Thu, 24 Apr 2014 16:16:09 GMT',
26 silly registry.get     server: 'CouchDB/1.5.0 (Erlang OTP/R14B04)',
26 silly registry.get     'content-type': 'application/json',
26 silly registry.get     via: '1.1 varnish',
26 silly registry.get     'cache-control': 'max-age=0',
26 silly registry.get     'content-length': '52',
26 silly registry.get     'accept-ranges': 'bytes',
26 silly registry.get     age: '0',
26 silly registry.get     'x-served-by': 'cache-v43-ASH, cache-at52-ATL',
26 silly registry.get     'x-cache': 'MISS, MISS',
26 silly registry.get     'x-cache-hits': '0, 0',
26 silly registry.get     'x-timer': 'S1398356169.804877281,VS0,VS7,VE94,VE101',
26 silly registry.get     'keep-alive': 'timeout=10, max=50',
26 silly registry.get     connection: 'Keep-Alive' } ]
27 silly lockFile efca58b0-backbone-modal backbone.modal@
28 silly lockFile efca58b0-backbone-modal backbone.modal@
29 error 404 'backbone.modal' is not in the npm registry.
29 error 404 You should bug the author to publish it
29 error 404
29 error 404 Note that you can also install from a
29 error 404 tarball, folder, or http url, or git url.
30 error System Darwin 13.1.0
31 error command "/usr/local/Cellar/node/0.10.24/bin/node" "/usr/local/bin/npm" "install" "backbone.modal"
32 error cwd /Users/ColorTurtle/projects/etsy-lighting
33 error node -v v0.10.24
34 error npm -v 1.3.21
35 error code E404
36 verbose exit [ 1, true ]
